
**** Build of configuration Debug for project DCDC3300 ****

"C:\\ti\\ccs1210\\ccs\\utils\\bin\\gmake" -k -j 20 all -O 
 
Building file: "../f28004x_codestartbranch.asm"
Invoking: C2000 Compiler
"C:/ti/ccs1210/ccs/tools/compiler/ti-cgt-c2000_22.6.0.LTS/bin/cl2000" -v28 -ml -mt --cla_support=cla2 --float_support=fpu32 --tmu_support=tmu0 --vcu_support=vcu0 --opt_for_speed=3 --fp_mode=relaxed --include_path="D:/Project_Code/dtod_3300W/DCDC3300" --include_path="D:/TICode/C2000Ware/C2000Ware_5_01_00_00/device_support/f28004x/headers/include" --include_path="D:/TICode/C2000Ware/C2000Ware_5_01_00_00/driverlib/f28004x/driverlib" --include_path="D:/TICode/C2000Ware/C2000Ware_5_01_00_00/device_support/f28004x/common/include" --include_path="C:/ti/ccs1210/ccs/tools/compiler/ti-cgt-c2000_22.6.0.LTS/include" --define=_FLASH -g --diag_warning=225 --diag_wrap=off --display_error_number --abi=eabi --preproc_with_compile --preproc_dependency="f28004x_codestartbranch.d_raw" --include_path="D:/Project_Code/dtod_3300W/DCDC3300/Debug/syscfg" --cmd_file="syscfg/board.opt" --cmd_file="syscfg/c2000ware_libraries.opt"  "../f28004x_codestartbranch.asm"
Finished building: "../f28004x_codestartbranch.asm"
 
Building file: "syscfg/board.c"
Invoking: C2000 Compiler
"C:/ti/ccs1210/ccs/tools/compiler/ti-cgt-c2000_22.6.0.LTS/bin/cl2000" -v28 -ml -mt --cla_support=cla2 --float_support=fpu32 --tmu_support=tmu0 --vcu_support=vcu0 --opt_for_speed=3 --fp_mode=relaxed --include_path="D:/Project_Code/dtod_3300W/DCDC3300" --include_path="D:/TICode/C2000Ware/C2000Ware_5_01_00_00/device_support/f28004x/headers/include" --include_path="D:/TICode/C2000Ware/C2000Ware_5_01_00_00/driverlib/f28004x/driverlib" --include_path="D:/TICode/C2000Ware/C2000Ware_5_01_00_00/device_support/f28004x/common/include" --include_path="C:/ti/ccs1210/ccs/tools/compiler/ti-cgt-c2000_22.6.0.LTS/include" --define=_FLASH -g --diag_warning=225 --diag_wrap=off --display_error_number --abi=eabi --preproc_with_compile --preproc_dependency="syscfg/board.d_raw" --include_path="D:/Project_Code/dtod_3300W/DCDC3300/Debug/syscfg" --obj_directory="syscfg" --cmd_file="syscfg/board.opt" --cmd_file="syscfg/c2000ware_libraries.opt"  "syscfg/board.c"
Finished building: "syscfg/board.c"
 
Building file: "syscfg/c2000ware_libraries.c"
Invoking: C2000 Compiler
"C:/ti/ccs1210/ccs/tools/compiler/ti-cgt-c2000_22.6.0.LTS/bin/cl2000" -v28 -ml -mt --cla_support=cla2 --float_support=fpu32 --tmu_support=tmu0 --vcu_support=vcu0 --opt_for_speed=3 --fp_mode=relaxed --include_path="D:/Project_Code/dtod_3300W/DCDC3300" --include_path="D:/TICode/C2000Ware/C2000Ware_5_01_00_00/device_support/f28004x/headers/include" --include_path="D:/TICode/C2000Ware/C2000Ware_5_01_00_00/driverlib/f28004x/driverlib" --include_path="D:/TICode/C2000Ware/C2000Ware_5_01_00_00/device_support/f28004x/common/include" --include_path="C:/ti/ccs1210/ccs/tools/compiler/ti-cgt-c2000_22.6.0.LTS/include" --define=_FLASH -g --diag_warning=225 --diag_wrap=off --display_error_number --abi=eabi --preproc_with_compile --preproc_dependency="syscfg/c2000ware_libraries.d_raw" --include_path="D:/Project_Code/dtod_3300W/DCDC3300/Debug/syscfg" --obj_directory="syscfg" --cmd_file="syscfg/board.opt" --cmd_file="syscfg/c2000ware_libraries.opt"  "syscfg/c2000ware_libraries.c"
Finished building: "syscfg/c2000ware_libraries.c"
 
Building file: "../device.c"
Invoking: C2000 Compiler
"C:/ti/ccs1210/ccs/tools/compiler/ti-cgt-c2000_22.6.0.LTS/bin/cl2000" -v28 -ml -mt --cla_support=cla2 --float_support=fpu32 --tmu_support=tmu0 --vcu_support=vcu0 --opt_for_speed=3 --fp_mode=relaxed --include_path="D:/Project_Code/dtod_3300W/DCDC3300" --include_path="D:/TICode/C2000Ware/C2000Ware_5_01_00_00/device_support/f28004x/headers/include" --include_path="D:/TICode/C2000Ware/C2000Ware_5_01_00_00/driverlib/f28004x/driverlib" --include_path="D:/TICode/C2000Ware/C2000Ware_5_01_00_00/device_support/f28004x/common/include" --include_path="C:/ti/ccs1210/ccs/tools/compiler/ti-cgt-c2000_22.6.0.LTS/include" --define=_FLASH -g --diag_warning=225 --diag_wrap=off --display_error_number --abi=eabi --preproc_with_compile --preproc_dependency="device.d_raw" --include_path="D:/Project_Code/dtod_3300W/DCDC3300/Debug/syscfg" --cmd_file="syscfg/board.opt" --cmd_file="syscfg/c2000ware_libraries.opt"  "../device.c"
Finished building: "../device.c"
 
Building file: "../main.c"
Invoking: C2000 Compiler
"C:/ti/ccs1210/ccs/tools/compiler/ti-cgt-c2000_22.6.0.LTS/bin/cl2000" -v28 -ml -mt --cla_support=cla2 --float_support=fpu32 --tmu_support=tmu0 --vcu_support=vcu0 --opt_for_speed=3 --fp_mode=relaxed --include_path="D:/Project_Code/dtod_3300W/DCDC3300" --include_path="D:/TICode/C2000Ware/C2000Ware_5_01_00_00/device_support/f28004x/headers/include" --include_path="D:/TICode/C2000Ware/C2000Ware_5_01_00_00/driverlib/f28004x/driverlib" --include_path="D:/TICode/C2000Ware/C2000Ware_5_01_00_00/device_support/f28004x/common/include" --include_path="C:/ti/ccs1210/ccs/tools/compiler/ti-cgt-c2000_22.6.0.LTS/include" --define=_FLASH -g --diag_warning=225 --diag_wrap=off --display_error_number --abi=eabi --preproc_with_compile --preproc_dependency="main.d_raw" --include_path="D:/Project_Code/dtod_3300W/DCDC3300/Debug/syscfg" --cmd_file="syscfg/board.opt" --cmd_file="syscfg/c2000ware_libraries.opt"  "../main.c"
Finished building: "../main.c"
 
Building file: "../src/main.c"
Invoking: C2000 Compiler
"C:/ti/ccs1210/ccs/tools/compiler/ti-cgt-c2000_22.6.0.LTS/bin/cl2000" -v28 -ml -mt --cla_support=cla2 --float_support=fpu32 --tmu_support=tmu0 --vcu_support=vcu0 --opt_for_speed=3 --fp_mode=relaxed --include_path="D:/Project_Code/dtod_3300W/DCDC3300" --include_path="D:/TICode/C2000Ware/C2000Ware_5_01_00_00/device_support/f28004x/headers/include" --include_path="D:/TICode/C2000Ware/C2000Ware_5_01_00_00/driverlib/f28004x/driverlib" --include_path="D:/TICode/C2000Ware/C2000Ware_5_01_00_00/device_support/f28004x/common/include" --include_path="C:/ti/ccs1210/ccs/tools/compiler/ti-cgt-c2000_22.6.0.LTS/include" --define=_FLASH -g --diag_warning=225 --diag_wrap=off --display_error_number --abi=eabi --preproc_with_compile --preproc_dependency="src/main.d_raw" --include_path="D:/Project_Code/dtod_3300W/DCDC3300/Debug/syscfg" --obj_directory="src" --cmd_file="syscfg/board.opt" --cmd_file="syscfg/c2000ware_libraries.opt"  "../src/main.c"
Finished building: "../src/main.c"
 
Building file: "../f28004x_globalvariabledefs.c"
Invoking: C2000 Compiler
"C:/ti/ccs1210/ccs/tools/compiler/ti-cgt-c2000_22.6.0.LTS/bin/cl2000" -v28 -ml -mt --cla_support=cla2 --float_support=fpu32 --tmu_support=tmu0 --vcu_support=vcu0 --opt_for_speed=3 --fp_mode=relaxed --include_path="D:/Project_Code/dtod_3300W/DCDC3300" --include_path="D:/TI_Code/C2000Ware_5_01_00_00/device_support/f28004x/headers/include" --include_path="D:/TICode/C2000Ware/C2000Ware_5_01_00_00/device_support/f28004x/headers/include" --include_path="D:/TICode/C2000Ware/C2000Ware_5_01_00_00/driverlib/f28004x/driverlib" --include_path="D:/TICode/C2000Ware/C2000Ware_5_01_00_00/device_support/f28004x/common/include" --include_path="C:/ti/ccs1210/ccs/tools/compiler/ti-cgt-c2000_22.6.0.LTS/include" --include_path="D:/Project_Code/dtod_3300W/DCDC3300/Debug/syscfg" --define=_FLASH -g --diag_warning=225 --diag_wrap=off --display_error_number --abi=eabi --preproc_with_compile --preproc_dependency="f28004x_globalvariabledefs.d_raw" --include_path="D:/Project_Code/dtod_3300W/DCDC3300/Debug/syscfg" --cmd_file="syscfg/board.opt" --cmd_file="syscfg/c2000ware_libraries.opt"  "../f28004x_globalvariabledefs.c"
Finished building: "../f28004x_globalvariabledefs.c"
 
Building target: "DCDC3300.out"
Invoking: C2000 Linker
"C:/ti/ccs1210/ccs/tools/compiler/ti-cgt-c2000_22.6.0.LTS/bin/cl2000" -v28 -ml -mt --cla_support=cla2 --float_support=fpu32 --tmu_support=tmu0 --vcu_support=vcu0 --opt_for_speed=3 --fp_mode=relaxed --define=_FLASH -g --diag_warning=225 --diag_wrap=off --display_error_number --abi=eabi -z -m"DCDC3300.map" --stack_size=0x200 --warn_sections -i"C:/ti/ccs1210/ccs/tools/compiler/ti-cgt-c2000_22.6.0.LTS/lib" -i"C:/ti/ccs1210/ccs/tools/compiler/ti-cgt-c2000_22.6.0.LTS/include" --reread_libs --diag_wrap=off --display_error_number --xml_link_info="DCDC3300_linkInfo.xml" --entry_point=code_start --rom_model -o "DCDC3300.out" "./syscfg/board.obj" "./syscfg/c2000ware_libraries.obj" "./device.obj" "./f28004x_codestartbranch.obj" "./f28004x_globalvariabledefs.obj" "./main.obj" "./src/main.obj" "../28004x_cla_flash_lnk.cmd" "../driverlib_eabi.lib" "../f28004x_headers_nonbios.cmd"  -llibc.a -l"D:/TICode/C2000Ware/C2000Ware_5_01_00_00/driverlib/f28004x/driverlib/ccs/Debug/driverlib_eabi.lib" 
<Linking>
error #10056: symbol "main" redefined: first defined in "./main.obj"; redefined in "./src/main.obj"
warning #10063-D: entry-point symbol other than "_c_int00" specified:  "code_start"
error #10010: errors encountered during linking; "DCDC3300.out" not built
 
>> Compilation failure
makefile:152: recipe for target 'DCDC3300.out' failed
gmake[1]: *** [DCDC3300.out] Error 1
makefile:148: recipe for target 'all' failed
gmake: *** [all] Error 2

**** Build Finished ****
